Arguments: 
  C:\Program Files\nodejs\node.exe C:\Users\prati\AppData\Roaming\npm\node_modules\yarn\bin\yarn.js add mongodb mongooe

PATH: 
  C:\Program Files (x86)\Common Files\ArchestrA\;C:\Program Files\Common Files\Oracle\Java\javapath;E:\data\dev;C:\Python39\;C:\Program Files (x86)\Python38-32\Scripts\;C:\Program Files (x86)\Python38-32\;C:\Program Files (x86)\Common Files\Oracle\Java\javapath;C:\Windows\system32;C:\Windows;C:\Windows\System32\Wbem;C:\Windows\System32\WindowsPowerShell\v1.0\;C:\Program Files (x86)\NVIDIA Corporation\PhysX\Common;C:\WINDOWS\system32;C:\WINDOWS;C:\WINDOWS\System32\Wbem;C:\WINDOWS\System32\WindowsPowerShell\v1.0\;C:\WINDOWS\System32\OpenSSH\;C:\ProgramData\chocolatey\bin;C:\Program Files (x86)\Brackets\command;C:\Dart\dart-sdk\bin;C:\Program Files\PuTTY\;C:\Program Files\OpenJDK\openjdk-8u302-b08\bin;C:\Program Files\Git\cmd;C:\Program Files\Go\bin;C:\Users\prati\AppData\Local\Programs\Python\Python310\Scripts;;C:\Program Files\dotnet\;C:\Program Files\Docker\Docker\resources\bin;C:\Program Files\nodejs\;C:\Program Files (x86)\Common Files\ArchestrA\;C:\Program Files\Common Files\Oracle\Java\javapath;E:\data\dev;C:\Python39\;C:\Program Files (x86)\Python38-32\Scripts\;C:\Program Files (x86)\Python38-32\;C:\Program Files (x86)\Common Files\Oracle\Java\javapath;C:\Windows\system32;C:\Windows;C:\Windows\System32\Wbem;C:\Windows\System32\WindowsPowerShell\v1.0\;C:\Program Files (x86)\NVIDIA Corporation\PhysX\Common;C:\WINDOWS\system32;C:\WINDOWS;C:\WINDOWS\System32\Wbem;C:\WINDOWS\System32\WindowsPowerShell\v1.0\;C:\WINDOWS\System32\OpenSSH\;C:\ProgramData\chocolatey\bin;C:\Program Files (x86)\Brackets\command;C:\Dart\dart-sdk\bin;C:\Program Files\PuTTY\;C:\Program Files\OpenJDK\openjdk-8u302-b08\bin;C:\Program Files\nodejs\;C:\Program Files\Git\cmd;C:\Program Files\Go\bin;C:\Users\prati\AppData\Local\Programs\Python\Python310\Scripts;C:\Program Files\dotnet\;C:\Users\prati\AppData\Local\Programs\Python\Python310\Scripts\;C:\Users\prati\AppData\Local\Programs\Python\Python310\;C:\HashiCorp\Vagrant\bin;LOCALAPPDATA%\Android\Sdk\platform-tools;C:\src\flutter\bin;C:\Users\prati\AppData\Local\Programs\Microsoft VS Code\bin;C:\Users\prati\go\bin;C:\Users\prati\AppData\Local\Programs\P;C:\Program Files\Geth;C:\Users\prati\AppData\Roaming\Flow;C:\Users\prati\AppData\Roaming\Flow;C:\Users\prati\AppData\Roaming\Flow;C:\Users\prati\AppData\Roaming\Flow;C:\Program Files\JetBrains\IntelliJ IDEA Community Edition 2022.2.3\bin;;C:\Users\prati\AppData\Roaming\npm

Yarn version: 
  1.22.15

Node version: 
  20.10.0

Platform: 
  win32 x64

Trace: 
  Error: https://registry.yarnpkg.com/mongooe: Not found
      at params.callback [as _callback] (C:\Users\prati\AppData\Roaming\npm\node_modules\yarn\lib\cli.js:66140:18)
      at self.callback (C:\Users\prati\AppData\Roaming\npm\node_modules\yarn\lib\cli.js:140885:22)
      at Request.emit (node:events:514:28)
      at Request.<anonymous> (C:\Users\prati\AppData\Roaming\npm\node_modules\yarn\lib\cli.js:141857:10)
      at Request.emit (node:events:514:28)
      at IncomingMessage.<anonymous> (C:\Users\prati\AppData\Roaming\npm\node_modules\yarn\lib\cli.js:141779:12)
      at Object.onceWrapper (node:events:628:28)
      at IncomingMessage.emit (node:events:526:35)
      at endReadableNT (node:internal/streams/readable:1589:12)
      at process.processTicksAndRejections (node:internal/process/task_queues:82:21)

npm manifest: 
  {
    "name": "database",
    "version": "1.0.0",
    "main": "index.js",
    "license": "MIT"
  }

yarn manifest: 
  No manifest

Lockfile: 
  No lockfile
